<?xml version="1.0" encoding="UTF-8"?>
<!-- Generated by org.testng.reporters.JUnitReportReporter -->
<testsuite hostname="LAPTOP-42C8BML1" failures="0" tests="1" name="testng.Assert1" time="0.012" errors="0" timestamp="2024-06-14T03:14:29 IST" skipped="0">
  <testcase classname="testng.Assert1" name="nameCheck" time="0.012"/>
  <system-out/>
</testsuite> <!-- testng.Assert1 -->
