<?xml version="1.0" encoding="UTF-8"?>
<!-- Generated by org.testng.reporters.JUnitReportReporter -->
<testsuite hostname="LAPTOP-42C8BML1" failures="0" tests="1" name="testng.Parameter" time="0.011" errors="0" timestamp="2024-06-14T02:38:23 IST" skipped="0">
  <testcase classname="testng.Parameter" name="enterTheName" time="0.011"/>
  <system-out/>
</testsuite> <!-- testng.Parameter -->
