<?xml version="1.0" encoding="UTF-8"?>
<!-- Generated by org.testng.reporters.JUnitReportReporter -->
<testsuite hostname="LAPTOP-42C8BML1" failures="0" tests="2" name="testng.Parallel" time="4.650" errors="0" timestamp="2024-06-14T02:56:22 IST" skipped="0">
  <testcase classname="testng.Parallel" name="openGoogle" time="2.704"/>
  <system-out/>
  <testcase classname="testng.Parallel" name="openBing" time="1.946"/>
  <system-out/>
</testsuite> <!-- testng.Parallel -->
