<?xml version="1.0" encoding="UTF-8"?>
<!-- Generated by org.testng.reporters.JUnitReportReporter -->
<testsuite hostname="LAPTOP-42C8BML1" failures="0" tests="6" name="testng.Grouping" time="0.018" errors="0" timestamp="2024-06-14T02:30:08 IST" skipped="0">
  <testcase classname="testng.Grouping" name="apple1" time="0.009"/>
  <system-out/>
  <testcase classname="testng.Grouping" name="mac1" time="0.002"/>
  <system-out/>
  <testcase classname="testng.Grouping" name="apple2" time="0.003"/>
  <system-out/>
  <testcase classname="testng.Grouping" name="mac2" time="0.002"/>
  <system-out/>
  <testcase classname="testng.Grouping" name="pod1" time="0.001"/>
  <system-out/>
  <testcase classname="testng.Grouping" name="pod2" time="0.001"/>
  <system-out/>
</testsuite> <!-- testng.Grouping -->
