<?xml version="1.0" encoding="UTF-8"?>
<!-- Generated by org.testng.reporters.JUnitReportReporter -->
<testsuite hostname="LAPTOP-42C8BML1" failures="0" tests="3" name="xmlpractice.Suite3" time="0.001" errors="0" timestamp="2024-06-13T22:37:34 IST" skipped="0">
  <testcase classname="xmlpractice.Suite3" name="seventhGear" time="0.000"/>
  <system-out/>
  <testcase classname="xmlpractice.Suite3" name="eightGear" time="0.000"/>
  <system-out/>
  <testcase classname="xmlpractice.Suite3" name="nineGear" time="0.001"/>
  <system-out/>
</testsuite> <!-- xmlpractice.Suite3 -->
