<?xml version="1.0" encoding="UTF-8"?>
<!-- Generated by org.testng.reporters.JUnitReportReporter -->
<testsuite hostname="LAPTOP-42C8BML1" failures="0" tests="3" name="xmlpractice.Suite2" time="0.005" errors="0" timestamp="2024-06-13T22:37:34 IST" skipped="0">
  <testcase classname="xmlpractice.Suite2" name="fourthGear" time="0.002"/>
  <system-out/>
  <testcase classname="xmlpractice.Suite2" name="fifthGear" time="0.001"/>
  <system-out/>
  <testcase classname="xmlpractice.Suite2" name="sixthGear" time="0.002"/>
  <system-out/>
</testsuite> <!-- xmlpractice.Suite2 -->
