<?xml version="1.0" encoding="UTF-8"?>
<!-- Generated by org.testng.reporters.JUnitReportReporter -->
<testsuite hostname="LAPTOP-42C8BML1" failures="0" tests="3" name="testng.TEstSelenium" time="1.435" errors="0" timestamp="2024-06-13T19:35:08 IST" skipped="0">
  <testcase classname="testng.TEstSelenium" name="openGoogle" time="0.270"/>
  <system-out/>
  <testcase classname="testng.TEstSelenium" name="openYahoo" time="0.738"/>
  <system-out/>
  <testcase classname="testng.TEstSelenium" name="openBing" time="0.427"/>
  <system-out/>
</testsuite> <!-- testng.TEstSelenium -->
