<?xml version="1.0" encoding="UTF-8"?>
<!-- Generated by org.testng.reporters.JUnitReportReporter -->
<testsuite hostname="LAPTOP-42C8BML1" failures="0" tests="3" name="testng.Sampletestng" time="0.012" errors="0" timestamp="2024-06-13T19:00:02 IST" skipped="0">
  <testcase classname="testng.Sampletestng" name="firstGear" time="0.010"/>
  <system-out/>
  <testcase classname="testng.Sampletestng" name="secondGear" time="0.001"/>
  <system-out/>
  <testcase classname="testng.Sampletestng" name="ThirdGear" time="0.001"/>
  <system-out/>
</testsuite> <!-- testng.Sampletestng -->
