<?xml version="1.0" encoding="UTF-8"?>
<!-- Generated by org.testng.reporters.JUnitReportReporter -->
<testsuite hostname="LAPTOP-42C8BML1" failures="0" tests="3" name="xmlpractice.Suite1" time="0.012" errors="0" timestamp="2024-06-13T22:37:34 IST" skipped="0">
  <testcase classname="xmlpractice.Suite1" name="firstGear" time="0.010"/>
  <system-out/>
  <testcase classname="xmlpractice.Suite1" name="secondGear" time="0.002"/>
  <system-out/>
  <testcase classname="xmlpractice.Suite1" name="ThirdGear" time="0.000"/>
  <system-out/>
</testsuite> <!-- xmlpractice.Suite1 -->
